<?xml version="1.0" encoding="UTF-8"?>
<!-- Generated by org.testng.reporters.JUnitReportReporter -->
<testsuite hostname="RAHUL" failures="0" tests="1" name="testCases.TestClass4" time="0.009" errors="0" timestamp="2024-09-13T15:38:24 IST" skipped="0">
  <testcase classname="testCases.TestClass4" name="m1" time="0.009"/>
</testsuite> <!-- testCases.TestClass4 -->
