<?xml version="1.0" encoding="UTF-8"?>
<!-- Generated by org.testng.reporters.JUnitReportReporter -->
<testsuite hostname="RAHUL" failures="0" tests="4" name="testCases.TestClass1" time="5.203" errors="0" timestamp="2024-10-04T19:45:44 IST" skipped="0">
  <testcase classname="testCases.TestClass1" name="testCase1" time="1.386"/>
  <testcase classname="testCases.TestClass1" name="testCase2" time="0.604"/>
  <testcase classname="testCases.TestClass1" name="testCase4" time="2.679"/>
  <testcase classname="testCases.TestClass1" name="testCase3" time="0.534"/>
</testsuite> <!-- testCases.TestClass1 -->
