<?xml version="1.0" encoding="UTF-8"?>
<!-- Generated by org.testng.reporters.JUnitReportReporter -->
<testsuite hostname="RAHUL" failures="0" tests="1" name="testCases.TestClass2" time="0.007" errors="0" timestamp="2024-08-19T16:35:27 IST" skipped="0">
  <testcase classname="testCases.TestClass2" name="m1" time="0.007"/>
</testsuite> <!-- testCases.TestClass2 -->
