<?xml version="1.0" encoding="UTF-8"?>
<!-- Generated by org.testng.reporters.JUnitReportReporter -->
<testsuite hostname="RAHUL" failures="0" tests="1" name="testCases.TestClass1" time="1.381" errors="0" timestamp="2024-09-13T13:53:47 IST" skipped="0">
  <testcase classname="testCases.TestClass1" name="testCase1" time="1.381"/>
</testsuite> <!-- testCases.TestClass1 -->
