<?xml version="1.0" encoding="UTF-8"?>
<!-- Generated by org.testng.reporters.JUnitReportReporter -->
<testsuite hostname="RAHUL" failures="0" tests="4" name="testCases.TestClass7" time="8.479" errors="0" timestamp="2024-10-04T20:04:14 IST" skipped="0">
  <testcase classname="testCases.TestClass7" name="m2" time="1.935"/>
  <testcase classname="testCases.TestClass7" name="m4" time="2.434"/>
  <testcase classname="testCases.TestClass7" name="m1" time="1.943"/>
  <testcase classname="testCases.TestClass7" name="m3" time="2.167"/>
</testsuite> <!-- testCases.TestClass7 -->
