<?xml version="1.0" encoding="UTF-8"?>
<!-- Generated by org.testng.reporters.JUnitReportReporter -->
<testsuite hostname="RAHUL" failures="0" tests="1" name="testCases.TestClass4" time="0.002" errors="0" timestamp="2024-10-04T20:04:14 IST" skipped="0">
  <testcase classname="testCases.TestClass4" name="m1" time="0.002"/>
</testsuite> <!-- testCases.TestClass4 -->
