<?xml version="1.0" encoding="UTF-8"?>
<!-- Generated by org.testng.reporters.JUnitReportReporter -->
<testsuite hostname="RAHUL" failures="0" tests="1" name="testCases.TestClass4" time="1.884" errors="0" timestamp="2024-09-13T15:23:15 IST" skipped="0">
  <testcase classname="testCases.TestClass4" name="m1" time="1.884"/>
</testsuite> <!-- testCases.TestClass4 -->
