<?xml version="1.0" encoding="UTF-8"?>
<!-- Generated by org.testng.reporters.JUnitReportReporter -->
<testsuite hostname="RAHUL" failures="0" tests="4" name="testCases.TestClass1" time="5.430" errors="0" timestamp="2024-09-13T15:23:15 IST" skipped="0">
  <testcase classname="testCases.TestClass1" name="testCase2" time="0.794"/>
  <testcase classname="testCases.TestClass1" name="testCase1" time="1.535"/>
  <testcase classname="testCases.TestClass1" name="testCase3" time="0.580"/>
  <testcase classname="testCases.TestClass1" name="testCase4" time="2.521"/>
</testsuite> <!-- testCases.TestClass1 -->
