<?xml version="1.0" encoding="UTF-8"?>
<!-- Generated by org.testng.reporters.JUnitReportReporter -->
<testsuite hostname="RAHUL" failures="0" tests="1" name="testCases.TestClass1" time="1.328" errors="0" timestamp="2024-09-13T13:35:53 IST" skipped="0">
  <testcase classname="testCases.TestClass1" name="testCase1" time="1.328"/>
</testsuite> <!-- testCases.TestClass1 -->
