<?xml version="1.0" encoding="UTF-8"?>
<!-- Generated by org.testng.reporters.JUnitReportReporter -->
<testsuite hostname="RAHUL" failures="0" tests="4" name="testCases.TestClass1" time="4.800" errors="0" timestamp="2024-10-04T20:04:14 IST" skipped="0">
  <testcase classname="testCases.TestClass1" name="testCase1" time="0.865"/>
  <testcase classname="testCases.TestClass1" name="testCase4" time="2.425"/>
  <testcase classname="testCases.TestClass1" name="testCase2" time="0.850"/>
  <testcase classname="testCases.TestClass1" name="testCase3" time="0.660"/>
</testsuite> <!-- testCases.TestClass1 -->
