<?xml version="1.0" encoding="UTF-8"?>
<!-- Generated by org.testng.reporters.JUnitReportReporter -->
<testsuite hostname="RAHUL" failures="0" tests="1" name="testCases.TestClass2" time="0.002" errors="0" timestamp="2024-09-13T13:35:53 IST" skipped="0">
  <testcase classname="testCases.TestClass2" name="m1" time="0.002"/>
</testsuite> <!-- testCases.TestClass2 -->
